[11136:2] 2025-08-11 16:41:21.759 [0x1CC4(3) InitializeLog] [SET_LOGPATH] %programdata%\Geni\Insights\logs\cmon.cmd.exe.log
[11136:2] 2025-08-11 16:41:21.759 [0x1CC4(0) CxCommonApi::LogModuleInfo] [MODULE LOADING] ModuleName cmon64.dll, Version [2.0.0.1], ModulePath C:\Program Files\Geni\Insights\temp\cmon64.dll ModifiedTime 2025-08-05 22:12:52
[11136:2] 2025-08-11 16:41:21.759 [0x1CC4(183) CxConsoleMonitor::Initialize] [Initialize]
[11136:2] 2025-08-11 16:41:21.759 [0x1CC4(183) CxSensorPipeClient::Initialize] [Initialize]
[11136:2] 2025-08-11 16:41:21.759 [0x1CC4(0) CxThreadPool::Initialize] Queue init : OutputQue 0, nThreadPoolSize : 1
[11136:2] 2025-08-11 16:41:21.771 [0x1CC4(183) CxThreadPool::CreateThreadPool] Create 1 WorkerThread
[11136:2] 2025-08-11 16:41:21.771 [0x1CC4(183) CxConsoleMonitor::InstallHook] [InstallHook]
[11136:2] 2025-08-11 16:41:21.771 [0x1CC4(126) CxConsoleMonitor::xGetProcAddress] [GET_PROC_ADDR] ReadConsoleW from kernelbase.dll
[11136:2] 2025-08-11 16:41:21.771 [0x1CC4(183) CxConsoleMonitor::InstallHook] [INSTALL_HOOK] ReadConsoleW : cmd.exe:11136
[11136:2] 2025-08-11 16:41:21.771 [0x1CC4(183) CxConsoleMonitor::xGetProcAddress] [GET_PROC_ADDR] ReadConsoleInputW from kernelbase.dll
[11136:2] 2025-08-11 16:41:21.774 [0x1CC4(183) CxConsoleMonitor::InstallHook] [INSTALL_HOOK] RealReadConsoleInputW : cmd.exe:11136
[11136:2] 2025-08-11 16:41:21.774 [0x1CC4(183) CxConsoleMonitor::InstallHook] [SUCCESS]
[11136:2] 2025-08-11 16:41:21.774 [0x1CC4(183) CxConsoleMonitor::GetCmonProfileInfo] [REQ_CMON_PROFILE] 
[11136:2] 2025-08-11 16:41:21.774 [0x1CC4(0) CxConsoleMonitor::Initialize] [/Initialize] SUCCESS
[11136:2] 2025-08-11 16:41:21.774 [0x3850(0) CxThreadPool::ThreadEntry] Worker Thread begins
[11136:2] 2025-08-11 16:41:21.774 [0x3850(1) CxSensorPipeClient::SendJson] [SEND][ReqType:4] {
   "PID" : 11136,
   "ProcPath" : "C:\\WINDOWS\\system32\\cmd.exe",
   "ReqType" : "xSensorRequestType_GetCmonProfile"
}

[11136:2] 2025-08-11 16:41:21.774 [0x3850(183) CxSensorPipeClient::SendJson] [RECV] {
   "MaxConsoleInputLength" : 1000
}

[11136:2] 2025-08-11 16:41:21.774 [0x3850(183) CxConsoleMonitor::PipeResponseCallback] [RES_CALLBACK]
[11136:2] 2025-08-11 16:41:21.774 [0x3850(183) CxConsoleMonitor::PipeResponseCallback] [CMON_PROFILE] MaxConsoleInputLength : 1000
[11136:2] 2025-08-11 16:41:21.934 [0x1CC4(126) CxConsoleMonitor::Uninitialize] [Uninitialize]
[11136:2] 2025-08-11 16:41:21.934 [0x1CC4(183) CxSensorPipeClient::Uninitialize] [Uninitialize]
[11136:2] 2025-08-11 16:41:21.934 [0x1CC4(183) CxSensorPipeClient::Uninitialize] [/Uninitialize]
[11136:2] 2025-08-11 16:41:21.935 [0x1CC4(183) CxConsoleMonitor::Uninitialize] [/Uninitialize] SUCCESS
